2024-09-06 23:13:29.177 - DBeaver 24.1.3.202407211303 is starting
2024-09-06 23:13:29.180 - OS: Windows 11 10.0 (amd64)
2024-09-06 23:13:29.181 - Java version: 17.0.6 by Eclipse Adoptium (64bit)
2024-09-06 23:13:29.181 - Install path: 'C:\gb_0900_psk\DBMS\DB.resource\dbeaver-ce-24.1.3-win32.win32.x86_64\dbeaver'
2024-09-06 23:13:29.182 - Instance path: 'file:/C:/gb_0900_psk/yanawa/ERD/'
2024-09-06 23:13:29.185 - Memory available 64Mb/1024Mb
2024-09-06 23:13:29.207 - Create display
> Start Eclipse IDE UI [org.eclipse.ui.ide 3.22.200.v20240524-2010]
2024-09-06 23:13:29.376 - Initialize desktop platform...
2024-09-06 23:13:29.564 - BounceCastle bundle found. Use JCE provider BC
> Start Core File Systems [org.eclipse.core.filesystem 1.10.400.v20240426-1040]
> Start Core Resource Management [org.eclipse.core.resources 3.20.200.v20240513-1323]
> Start 팀 지원 핵심 [org.eclipse.team.core 3.10.400.v20240413-1529]
> Start DBeaver UI Navigator [org.jkiss.dbeaver.ui.navigator 1.0.135.202407211303]
2024-09-06 23:13:29.798 - 
2024-09-06 23:13:29.798 - 	Refreshing workspace.
2024-09-06 23:13:29.800 - Refreshing workspace contents
2024-09-06 23:13:29.897 - Initialize base platform...
2024-09-06 23:13:29.929 - Platform initialized (551ms)
> Start DBeaver UI Editors - Base [org.jkiss.dbeaver.ui.editors.base 1.0.135.202407211303]
2024-09-06 23:13:30.006 - Starting instance server at http://localhost:56388
2024-09-06 23:13:30.018 - Run workbench
> Start Eclipse e4 작업영역 SWT [org.eclipse.e4.ui.workbench.swt 0.17.400.v20240425-0840]
> Start Eclipse Application Services [org.eclipse.e4.core.services 2.4.400.v20240413-1529]
> Start Eclipse UI Application Services [org.eclipse.e4.ui.services 1.6.300.v20231201-1637]
> Start Eclipse e4 Progress View [org.eclipse.e4.ui.progress 0.4.400.v20240424-0956]
> Start Eclipse Bindings Support [org.eclipse.e4.ui.bindings 0.14.400.v20240321-1245]
> Start Eclipse e4 core commands [org.eclipse.e4.core.commands 1.1.400.v20240424-0444]
> Start EMF XML/XMI Persistence [org.eclipse.emf.ecore.xmi 2.37.0.v20231208-1346]
> Start Eclipse CSS SWT Theme Support [org.eclipse.e4.ui.css.swt.theme 0.14.400.v20240424-0956]
> Start Eclipse e4 작업영역 기능 추가 [org.eclipse.e4.ui.workbench.addons.swt 1.5.400.v20240416-0658]
> Start Eclipse e4 작업영역 SWT 렌더러 [org.eclipse.e4.ui.workbench.renderers.swt 0.16.400.v20240418-1547]
> Start Eclipse Dependency Injection Extensions [org.eclipse.e4.core.di.extensions 0.18.300.v20240413-1529]
> Start Eclipse CSS SWT Support [org.eclipse.e4.ui.css.swt 0.15.400.v20240321-1245]
2024-09-06 23:13:31.810 - Configure workbench window
> Start DBeaver SQL Model [org.jkiss.dbeaver.model.sql 1.0.125.202407211303]
2024-09-06 23:13:31.988 - Total database drivers: 118 (118)
> Start 도움말 시스템 코어 [org.eclipse.help 3.10.400.v20240415-0528]
2024-09-06 23:13:32.089 - Create actions
2024-09-06 23:13:32.103 - Disable Eclipse action set 'org.eclipse.ui.edit.text.actionSet.annotationNavigation'
2024-09-06 23:13:32.104 - Disable Eclipse action set 'org.eclipse.ui.WorkingSetActionSet'
2024-09-06 23:13:32.105 - Disable Eclipse action set 'org.eclipse.ui.actionSet.openFiles'
2024-09-06 23:13:32.105 - Create workbench actions
> Start 기본 문서 편집기 [org.eclipse.ui.editors 3.17.300.v20240524-2010]
> Start 텍스트 편집기 프레임워크 [org.eclipse.ui.workbench.texteditor 3.17.400.v20240524-2010]
2024-09-06 23:13:33.303 - Initialize workbench window
2024-09-06 23:13:33.308 - Finish initialization
> Start DBeaver UI Editors - Data [org.jkiss.dbeaver.ui.editors.data 1.0.135.202407211303]
> Start 인터넷 연결 관리 사용자 인터페이스 [org.eclipse.ui.net 1.5.400.v20240413-1529]
> Start Internet Connection Management [org.eclipse.core.net 1.5.400.v20240413-1529]
Warning: NLS unused message: actions_navigator__objects in: org.jkiss.dbeaver.ui.editors.sql.internal.SQLEditorMessages
> Start DBeaver UI Editors - SQL [org.jkiss.dbeaver.ui.editors.sql 1.0.135.202407211303]
> Start GEF Classic Draw2d [org.eclipse.draw2d 3.16.0.202405290843]
> Start GEF Classic GEF (MVC) [org.eclipse.gef 3.18.0.202405290843]
> Start DBeaver ERD UI [org.jkiss.dbeaver.erd.ui 3.0.95.202407211303]
> Start DBeaver ERD Model [org.jkiss.dbeaver.erd.model 1.0.95.202407211303]
> Start DBeaver Dashboard UI [org.jkiss.dbeaver.ui.dashboard 1.0.132.202407211303]
> Start DBeaver Dashboards Model [org.jkiss.dbeaver.model.dashboard 1.0.8.202407211303]
> Start DBeaver Sample Database [org.jkiss.dbeaver.ext.sample.database 1.0.172.202407211303]
> Start DBeaver Tip of the day [org.jkiss.dbeaver.ext.ui.tipoftheday 1.0.141.202407211303]
2024-09-06 23:13:36.547 - Open [https://dbeaver.io/product/version.xml]
> Start DBeaver JDBC Model [org.jkiss.dbeaver.model.jdbc 1.0.28.202407211303]
> Start DBeaver Generic Plug-in [org.jkiss.dbeaver.ext.generic 2.3.221.202407211303]
> Start DBeaver SQLite Model [org.jkiss.dbeaver.ext.sqlite 1.0.184.202407211303]
Warning: NLS unused message: FileDescription_NewFileProgress in: org.eclipse.ui.internal.ide.undo.messages
Warning: NLS unused message: FileDescription_ContentsCouldNotBeRestored in: org.eclipse.ui.internal.ide.undo.messages
Warning: NLS unused message: FolderDescription_NewFolderProgress in: org.eclipse.ui.internal.ide.undo.messages
Warning: NLS unused message: FolderDescription_SavingUndoInfoProgress in: org.eclipse.ui.internal.ide.undo.messages
2024-09-06 23:14:20.827 - Some data source listeners are still registered: org.jkiss.dbeaver.model.navigator.DBNProjectDatabases:node://yanawa/datasources
> Start 디버그 핵심 [org.eclipse.debug.core 3.21.400.v20240415-0528]
> Start JSch 핵심 [org.eclipse.jsch.core 1.5.400.v20240413-1649]
> Start DBeaver UI Editors - Connections [org.jkiss.dbeaver.ui.editors.connection 1.0.126.202407211303]
2024-09-06 23:15:11.222 - Event loop exception
java.lang.NullPointerException: Cannot invoke "org.jkiss.dbeaver.ui.controls.finder.AdvancedListItem.getData()" because "item" is null
	at org.jkiss.dbeaver.ui.controls.finder.AdvancedList.setSelection(AdvancedList.java:415)
	at org.jkiss.dbeaver.ui.controls.finder.AdvancedList.removeAll(AdvancedList.java:437)
	at org.jkiss.dbeaver.ui.controls.finder.viewer.AdvancedListViewer.internalRefresh(AdvancedListViewer.java:96)
	at org.eclipse.jface.viewers.StructuredViewer.internalRefresh(StructuredViewer.java:1250)
	at org.eclipse.jface.viewers.StructuredViewer.lambda$3(StructuredViewer.java:1486)
	at org.eclipse.jface.viewers.StructuredViewer.preservingSelection(StructuredViewer.java:1392)
	at org.eclipse.jface.viewers.StructuredViewer.preservingSelection(StructuredViewer.java:1353)
	at org.eclipse.jface.viewers.StructuredViewer.refresh(StructuredViewer.java:1486)
	at org.eclipse.jface.viewers.StructuredViewer.refresh(StructuredViewer.java:1447)
	at org.eclipse.jface.viewers.StructuredViewer.setFilters(StructuredViewer.java:1579)
	at org.jkiss.dbeaver.ui.controls.finder.viewer.AdvancedListViewer.setFilters(AdvancedListViewer.java:130)
	at org.jkiss.dbeaver.ui.dialogs.driver.DriverTabbedViewer.lambda$1(DriverTabbedViewer.java:133)
	at org.jkiss.dbeaver.ui.controls.folders.TabbedFolderComposite$FolderPane.onFolderSwitch(TabbedFolderComposite.java:192)
	at org.jkiss.dbeaver.ui.controls.folders.TabbedFolderComposite$FolderPane$2.widgetSelected(TabbedFolderComposite.java:136)
	at org.eclipse.swt.widgets.TypedListener.handleEvent(TypedListener.java:265)
	at org.eclipse.swt.widgets.EventTable.sendEvent(EventTable.java:91)
	at org.eclipse.swt.widgets.Display.sendEvent(Display.java:4285)
	at org.eclipse.swt.widgets.Widget.sendEvent(Widget.java:1160)
	at org.eclipse.swt.widgets.Widget.sendEvent(Widget.java:1184)
	at org.eclipse.swt.widgets.Widget.sendEvent(Widget.java:1169)
	at org.eclipse.swt.widgets.Widget.notifyListeners(Widget.java:841)
	at org.jkiss.dbeaver.ui.controls.folders.TabbedFolderList.select(TabbedFolderList.java:659)
	at org.jkiss.dbeaver.ui.controls.folders.TabbedFolderList.select(TabbedFolderList.java:631)
	at org.jkiss.dbeaver.ui.controls.folders.TabbedFolderList$ListElement$1.mouseUp(TabbedFolderList.java:127)
	at org.eclipse.swt.widgets.TypedListener.handleEvent(TypedListener.java:237)
	at org.eclipse.swt.widgets.EventTable.sendEvent(EventTable.java:91)
	at org.eclipse.swt.widgets.Display.sendEvent(Display.java:4285)
	at org.eclipse.swt.widgets.Widget.sendEvent(Widget.java:1160)
	at org.eclipse.swt.widgets.Display.runDeferredEvents(Display.java:4083)
	at org.eclipse.swt.widgets.Display.readAndDispatch(Display.java:3673)
	at org.eclipse.jface.window.Window.runEventLoop(Window.java:823)
	at org.eclipse.jface.window.Window.open(Window.java:799)
	at org.jkiss.dbeaver.ui.dialogs.connection.NewConnectionDialog.open(NewConnectionDialog.java:105)
	at org.jkiss.dbeaver.ui.dialogs.connection.NewConnectionDialog.openNewConnectionDialog(NewConnectionDialog.java:140)
	at org.jkiss.dbeaver.ui.dialogs.connection.NewConnectionDialog.openNewConnectionDialog(NewConnectionDialog.java:121)
	at org.jkiss.dbeaver.ui.dialogs.connection.NewConnectionDialog.openNewConnectionDialog(NewConnectionDialog.java:113)
	at org.jkiss.dbeaver.registry.DataSourceDescriptorManager.lambda$0(DataSourceDescriptorManager.java:110)
	at org.eclipse.swt.widgets.RunnableLock.run(RunnableLock.java:40)
	at org.eclipse.swt.widgets.Synchronizer.runAsyncMessages(Synchronizer.java:132)
	at org.eclipse.swt.widgets.Display.runAsyncMessages(Display.java:4058)
	at org.eclipse.swt.widgets.Display.readAndDispatch(Display.java:3676)
	at org.eclipse.jface.operation.ModalContext$ModalContextThread.block(ModalContext.java:168)
	at org.eclipse.jface.operation.ModalContext.run(ModalContext.java:370)
	at org.eclipse.ui.internal.WorkbenchWindow.lambda$7(WorkbenchWindow.java:2335)
	at org.eclipse.swt.custom.BusyIndicator.showWhile(BusyIndicator.java:67)
	at org.eclipse.ui.internal.WorkbenchWindow.run(WorkbenchWindow.java:2332)
	at org.jkiss.dbeaver.runtime.RunnableContextDelegate.run(RunnableContextDelegate.java:39)
	at org.jkiss.dbeaver.ui.UIUtils.runInProgressService(UIUtils.java:1932)
	at org.jkiss.dbeaver.ui.navigator.actions.NavigatorHandlerObjectCreateBase.createDatabaseObject(NavigatorHandlerObjectCreateBase.java:186)
	at org.jkiss.dbeaver.ui.navigator.actions.NavigatorHandlerObjectCreateBase.createNewObject(NavigatorHandlerObjectCreateBase.java:167)
	at org.jkiss.dbeaver.ui.navigator.actions.NavigatorHandlerObjectCreateNew.execute(NavigatorHandlerObjectCreateNew.java:135)
	at org.eclipse.ui.internal.handlers.HandlerProxy.execute(HandlerProxy.java:277)
	at org.eclipse.ui.internal.handlers.E4HandlerProxy.execute(E4HandlerProxy.java:98)
	at java.base/jdk.internal.reflect.NativeMethodAccessorImpl.invoke0(Native Method)
	at java.base/jdk.internal.reflect.NativeMethodAccessorImpl.invoke(Unknown Source)
	at java.base/jdk.internal.reflect.DelegatingMethodAccessorImpl.invoke(Unknown Source)
	at java.base/java.lang.reflect.Method.invoke(Unknown Source)
	at org.eclipse.e4.core.internal.di.MethodRequestor.execute(MethodRequestor.java:58)
	at org.eclipse.e4.core.internal.di.InjectorImpl.invokeUsingClass(InjectorImpl.java:299)
	at org.eclipse.e4.core.internal.di.InjectorImpl.invoke(InjectorImpl.java:233)
	at org.eclipse.e4.core.contexts.ContextInjectionFactory.invoke(ContextInjectionFactory.java:174)
	at org.eclipse.e4.core.commands.internal.HandlerServiceHandler.execute(HandlerServiceHandler.java:165)
	at org.eclipse.core.commands.Command.executeWithChecks(Command.java:488)
	at org.eclipse.core.commands.ParameterizedCommand.executeWithChecks(ParameterizedCommand.java:485)
	at org.eclipse.e4.core.commands.internal.HandlerServiceImpl.executeHandler(HandlerServiceImpl.java:204)
	at org.eclipse.ui.internal.handlers.LegacyHandlerService.executeCommand(LegacyHandlerService.java:385)
	at org.eclipse.ui.menus.CommandContributionItem.handleWidgetSelection(CommandContributionItem.java:801)
	at org.eclipse.ui.menus.CommandContributionItem.lambda$7(CommandContributionItem.java:778)
	at org.eclipse.swt.widgets.EventTable.sendEvent(EventTable.java:91)
	at org.eclipse.swt.widgets.Display.sendEvent(Display.java:4285)
	at org.eclipse.swt.widgets.Widget.sendEvent(Widget.java:1160)
	at org.eclipse.swt.widgets.Display.runDeferredEvents(Display.java:4083)
	at org.eclipse.swt.widgets.Display.readAndDispatch(Display.java:3673)
	at org.eclipse.e4.ui.internal.workbench.swt.PartRenderingEngine$5.run(PartRenderingEngine.java:1151)
	at org.eclipse.core.databinding.observable.Realm.runWithDefault(Realm.java:339)
	at org.eclipse.e4.ui.internal.workbench.swt.PartRenderingEngine.run(PartRenderingEngine.java:1042)
	at org.eclipse.e4.ui.internal.workbench.E4Workbench.createAndRunUI(E4Workbench.java:152)
	at org.eclipse.ui.internal.Workbench.lambda$3(Workbench.java:639)
	at org.eclipse.core.databinding.observable.Realm.runWithDefault(Realm.java:339)
	at org.eclipse.ui.internal.Workbench.createAndRunWorkbench(Workbench.java:546)
	at org.eclipse.ui.PlatformUI.createAndRunWorkbench(PlatformUI.java:173)
	at org.jkiss.dbeaver.ui.app.standalone.DBeaverApplication.start(DBeaverApplication.java:291)
	at org.eclipse.equinox.internal.app.EclipseAppHandle.run(EclipseAppHandle.java:208)
	at org.eclipse.core.runtime.internal.adaptor.EclipseAppLauncher.runApplication(EclipseAppLauncher.java:143)
	at org.eclipse.core.runtime.internal.adaptor.EclipseAppLauncher.start(EclipseAppLauncher.java:109)
	at org.eclipse.core.runtime.adaptor.EclipseStarter.run(EclipseStarter.java:439)
	at org.eclipse.core.runtime.adaptor.EclipseStarter.run(EclipseStarter.java:271)
	at java.base/jdk.internal.reflect.NativeMethodAccessorImpl.invoke0(Native Method)
	at java.base/jdk.internal.reflect.NativeMethodAccessorImpl.invoke(Unknown Source)
	at java.base/jdk.internal.reflect.DelegatingMethodAccessorImpl.invoke(Unknown Source)
	at java.base/java.lang.reflect.Method.invoke(Unknown Source)
	at org.jkiss.dbeaver.launcher.DBeaverLauncher.invokeFramework(DBeaverLauncher.java:648)
	at org.jkiss.dbeaver.launcher.DBeaverLauncher.basicRun(DBeaverLauncher.java:608)
	at org.jkiss.dbeaver.launcher.DBeaverLauncher.run(DBeaverLauncher.java:1459)
2024-09-06 23:15:15.225 - Event loop exception
java.lang.NullPointerException: Cannot invoke "org.jkiss.dbeaver.ui.controls.finder.AdvancedListItem.getData()" because "item" is null
	at org.jkiss.dbeaver.ui.controls.finder.AdvancedList.setSelection(AdvancedList.java:415)
	at org.jkiss.dbeaver.ui.controls.finder.AdvancedList.removeAll(AdvancedList.java:437)
	at org.jkiss.dbeaver.ui.controls.finder.viewer.AdvancedListViewer.internalRefresh(AdvancedListViewer.java:96)
	at org.eclipse.jface.viewers.StructuredViewer.internalRefresh(StructuredViewer.java:1250)
	at org.eclipse.jface.viewers.StructuredViewer.lambda$3(StructuredViewer.java:1486)
	at org.eclipse.jface.viewers.StructuredViewer.preservingSelection(StructuredViewer.java:1392)
	at org.eclipse.jface.viewers.StructuredViewer.preservingSelection(StructuredViewer.java:1353)
	at org.eclipse.jface.viewers.StructuredViewer.refresh(StructuredViewer.java:1486)
	at org.eclipse.jface.viewers.StructuredViewer.refresh(StructuredViewer.java:1447)
	at org.eclipse.jface.viewers.StructuredViewer.setFilters(StructuredViewer.java:1579)
	at org.jkiss.dbeaver.ui.controls.finder.viewer.AdvancedListViewer.setFilters(AdvancedListViewer.java:130)
	at org.jkiss.dbeaver.ui.dialogs.driver.DriverTabbedViewer.lambda$1(DriverTabbedViewer.java:133)
	at org.jkiss.dbeaver.ui.controls.folders.TabbedFolderComposite$FolderPane.onFolderSwitch(TabbedFolderComposite.java:192)
	at org.jkiss.dbeaver.ui.controls.folders.TabbedFolderComposite$FolderPane$2.widgetSelected(TabbedFolderComposite.java:136)
	at org.eclipse.swt.widgets.TypedListener.handleEvent(TypedListener.java:265)
	at org.eclipse.swt.widgets.EventTable.sendEvent(EventTable.java:91)
	at org.eclipse.swt.widgets.Display.sendEvent(Display.java:4285)
	at org.eclipse.swt.widgets.Widget.sendEvent(Widget.java:1160)
	at org.eclipse.swt.widgets.Widget.sendEvent(Widget.java:1184)
	at org.eclipse.swt.widgets.Widget.sendEvent(Widget.java:1169)
	at org.eclipse.swt.widgets.Widget.notifyListeners(Widget.java:841)
	at org.jkiss.dbeaver.ui.controls.folders.TabbedFolderList.select(TabbedFolderList.java:659)
	at org.jkiss.dbeaver.ui.controls.folders.TabbedFolderList.select(TabbedFolderList.java:631)
	at org.jkiss.dbeaver.ui.controls.folders.TabbedFolderList$ListElement$1.mouseUp(TabbedFolderList.java:127)
	at org.eclipse.swt.widgets.TypedListener.handleEvent(TypedListener.java:237)
	at org.eclipse.swt.widgets.EventTable.sendEvent(EventTable.java:91)
	at org.eclipse.swt.widgets.Display.sendEvent(Display.java:4285)
	at org.eclipse.swt.widgets.Widget.sendEvent(Widget.java:1160)
	at org.eclipse.swt.widgets.Display.runDeferredEvents(Display.java:4083)
	at org.eclipse.swt.widgets.Display.readAndDispatch(Display.java:3673)
	at org.eclipse.jface.window.Window.runEventLoop(Window.java:823)
	at org.eclipse.jface.window.Window.open(Window.java:799)
	at org.jkiss.dbeaver.ui.dialogs.connection.NewConnectionDialog.open(NewConnectionDialog.java:105)
	at org.jkiss.dbeaver.ui.dialogs.connection.NewConnectionDialog.openNewConnectionDialog(NewConnectionDialog.java:140)
	at org.jkiss.dbeaver.ui.dialogs.connection.NewConnectionDialog.openNewConnectionDialog(NewConnectionDialog.java:121)
	at org.jkiss.dbeaver.ui.dialogs.connection.NewConnectionDialog.openNewConnectionDialog(NewConnectionDialog.java:113)
	at org.jkiss.dbeaver.registry.DataSourceDescriptorManager.lambda$0(DataSourceDescriptorManager.java:110)
	at org.eclipse.swt.widgets.RunnableLock.run(RunnableLock.java:40)
	at org.eclipse.swt.widgets.Synchronizer.runAsyncMessages(Synchronizer.java:132)
	at org.eclipse.swt.widgets.Display.runAsyncMessages(Display.java:4058)
	at org.eclipse.swt.widgets.Display.readAndDispatch(Display.java:3676)
	at org.eclipse.jface.operation.ModalContext$ModalContextThread.block(ModalContext.java:168)
	at org.eclipse.jface.operation.ModalContext.run(ModalContext.java:370)
	at org.eclipse.ui.internal.WorkbenchWindow.lambda$7(WorkbenchWindow.java:2335)
	at org.eclipse.swt.custom.BusyIndicator.showWhile(BusyIndicator.java:67)
	at org.eclipse.ui.internal.WorkbenchWindow.run(WorkbenchWindow.java:2332)
	at org.jkiss.dbeaver.runtime.RunnableContextDelegate.run(RunnableContextDelegate.java:39)
	at org.jkiss.dbeaver.ui.UIUtils.runInProgressService(UIUtils.java:1932)
	at org.jkiss.dbeaver.ui.navigator.actions.NavigatorHandlerObjectCreateBase.createDatabaseObject(NavigatorHandlerObjectCreateBase.java:186)
	at org.jkiss.dbeaver.ui.navigator.actions.NavigatorHandlerObjectCreateBase.createNewObject(NavigatorHandlerObjectCreateBase.java:167)
	at org.jkiss.dbeaver.ui.navigator.actions.NavigatorHandlerObjectCreateNew.execute(NavigatorHandlerObjectCreateNew.java:135)
	at org.eclipse.ui.internal.handlers.HandlerProxy.execute(HandlerProxy.java:277)
	at org.eclipse.ui.internal.handlers.E4HandlerProxy.execute(E4HandlerProxy.java:98)
	at java.base/jdk.internal.reflect.NativeMethodAccessorImpl.invoke0(Native Method)
	at java.base/jdk.internal.reflect.NativeMethodAccessorImpl.invoke(Unknown Source)
	at java.base/jdk.internal.reflect.DelegatingMethodAccessorImpl.invoke(Unknown Source)
	at java.base/java.lang.reflect.Method.invoke(Unknown Source)
	at org.eclipse.e4.core.internal.di.MethodRequestor.execute(MethodRequestor.java:58)
	at org.eclipse.e4.core.internal.di.InjectorImpl.invokeUsingClass(InjectorImpl.java:299)
	at org.eclipse.e4.core.internal.di.InjectorImpl.invoke(InjectorImpl.java:233)
	at org.eclipse.e4.core.contexts.ContextInjectionFactory.invoke(ContextInjectionFactory.java:174)
	at org.eclipse.e4.core.commands.internal.HandlerServiceHandler.execute(HandlerServiceHandler.java:165)
	at org.eclipse.core.commands.Command.executeWithChecks(Command.java:488)
	at org.eclipse.core.commands.ParameterizedCommand.executeWithChecks(ParameterizedCommand.java:485)
	at org.eclipse.e4.core.commands.internal.HandlerServiceImpl.executeHandler(HandlerServiceImpl.java:204)
	at org.eclipse.ui.internal.handlers.LegacyHandlerService.executeCommand(LegacyHandlerService.java:385)
	at org.eclipse.ui.menus.CommandContributionItem.handleWidgetSelection(CommandContributionItem.java:801)
	at org.eclipse.ui.menus.CommandContributionItem.lambda$7(CommandContributionItem.java:778)
	at org.eclipse.swt.widgets.EventTable.sendEvent(EventTable.java:91)
	at org.eclipse.swt.widgets.Display.sendEvent(Display.java:4285)
	at org.eclipse.swt.widgets.Widget.sendEvent(Widget.java:1160)
	at org.eclipse.swt.widgets.Display.runDeferredEvents(Display.java:4083)
	at org.eclipse.swt.widgets.Display.readAndDispatch(Display.java:3673)
	at org.eclipse.e4.ui.internal.workbench.swt.PartRenderingEngine$5.run(PartRenderingEngine.java:1151)
	at org.eclipse.core.databinding.observable.Realm.runWithDefault(Realm.java:339)
	at org.eclipse.e4.ui.internal.workbench.swt.PartRenderingEngine.run(PartRenderingEngine.java:1042)
	at org.eclipse.e4.ui.internal.workbench.E4Workbench.createAndRunUI(E4Workbench.java:152)
	at org.eclipse.ui.internal.Workbench.lambda$3(Workbench.java:639)
	at org.eclipse.core.databinding.observable.Realm.runWithDefault(Realm.java:339)
	at org.eclipse.ui.internal.Workbench.createAndRunWorkbench(Workbench.java:546)
	at org.eclipse.ui.PlatformUI.createAndRunWorkbench(PlatformUI.java:173)
	at org.jkiss.dbeaver.ui.app.standalone.DBeaverApplication.start(DBeaverApplication.java:291)
	at org.eclipse.equinox.internal.app.EclipseAppHandle.run(EclipseAppHandle.java:208)
	at org.eclipse.core.runtime.internal.adaptor.EclipseAppLauncher.runApplication(EclipseAppLauncher.java:143)
	at org.eclipse.core.runtime.internal.adaptor.EclipseAppLauncher.start(EclipseAppLauncher.java:109)
	at org.eclipse.core.runtime.adaptor.EclipseStarter.run(EclipseStarter.java:439)
	at org.eclipse.core.runtime.adaptor.EclipseStarter.run(EclipseStarter.java:271)
	at java.base/jdk.internal.reflect.NativeMethodAccessorImpl.invoke0(Native Method)
	at java.base/jdk.internal.reflect.NativeMethodAccessorImpl.invoke(Unknown Source)
	at java.base/jdk.internal.reflect.DelegatingMethodAccessorImpl.invoke(Unknown Source)
	at java.base/java.lang.reflect.Method.invoke(Unknown Source)
	at org.jkiss.dbeaver.launcher.DBeaverLauncher.invokeFramework(DBeaverLauncher.java:648)
	at org.jkiss.dbeaver.launcher.DBeaverLauncher.basicRun(DBeaverLauncher.java:608)
	at org.jkiss.dbeaver.launcher.DBeaverLauncher.run(DBeaverLauncher.java:1459)
2024-09-06 23:15:15.729 - Event loop exception
java.lang.NullPointerException: Cannot invoke "org.jkiss.dbeaver.ui.controls.finder.AdvancedListItem.getData()" because "item" is null
	at org.jkiss.dbeaver.ui.controls.finder.AdvancedList.setSelection(AdvancedList.java:415)
	at org.jkiss.dbeaver.ui.controls.finder.AdvancedList.removeAll(AdvancedList.java:437)
	at org.jkiss.dbeaver.ui.controls.finder.viewer.AdvancedListViewer.internalRefresh(AdvancedListViewer.java:96)
	at org.eclipse.jface.viewers.StructuredViewer.internalRefresh(StructuredViewer.java:1250)
	at org.eclipse.jface.viewers.StructuredViewer.lambda$3(StructuredViewer.java:1486)
	at org.eclipse.jface.viewers.StructuredViewer.preservingSelection(StructuredViewer.java:1392)
	at org.eclipse.jface.viewers.StructuredViewer.preservingSelection(StructuredViewer.java:1353)
	at org.eclipse.jface.viewers.StructuredViewer.refresh(StructuredViewer.java:1486)
	at org.eclipse.jface.viewers.StructuredViewer.refresh(StructuredViewer.java:1447)
	at org.eclipse.jface.viewers.StructuredViewer.setFilters(StructuredViewer.java:1579)
	at org.jkiss.dbeaver.ui.controls.finder.viewer.AdvancedListViewer.setFilters(AdvancedListViewer.java:130)
	at org.jkiss.dbeaver.ui.dialogs.driver.DriverTabbedViewer.lambda$1(DriverTabbedViewer.java:133)
	at org.jkiss.dbeaver.ui.controls.folders.TabbedFolderComposite$FolderPane.onFolderSwitch(TabbedFolderComposite.java:192)
	at org.jkiss.dbeaver.ui.controls.folders.TabbedFolderComposite$FolderPane$2.widgetSelected(TabbedFolderComposite.java:136)
	at org.eclipse.swt.widgets.TypedListener.handleEvent(TypedListener.java:265)
	at org.eclipse.swt.widgets.EventTable.sendEvent(EventTable.java:91)
	at org.eclipse.swt.widgets.Display.sendEvent(Display.java:4285)
	at org.eclipse.swt.widgets.Widget.sendEvent(Widget.java:1160)
	at org.eclipse.swt.widgets.Widget.sendEvent(Widget.java:1184)
	at org.eclipse.swt.widgets.Widget.sendEvent(Widget.java:1169)
	at org.eclipse.swt.widgets.Widget.notifyListeners(Widget.java:841)
	at org.jkiss.dbeaver.ui.controls.folders.TabbedFolderList.select(TabbedFolderList.java:659)
	at org.jkiss.dbeaver.ui.controls.folders.TabbedFolderList.select(TabbedFolderList.java:631)
	at org.jkiss.dbeaver.ui.controls.folders.TabbedFolderList$ListElement$1.mouseUp(TabbedFolderList.java:127)
	at org.eclipse.swt.widgets.TypedListener.handleEvent(TypedListener.java:237)
	at org.eclipse.swt.widgets.EventTable.sendEvent(EventTable.java:91)
	at org.eclipse.swt.widgets.Display.sendEvent(Display.java:4285)
	at org.eclipse.swt.widgets.Widget.sendEvent(Widget.java:1160)
	at org.eclipse.swt.widgets.Display.runDeferredEvents(Display.java:4083)
	at org.eclipse.swt.widgets.Display.readAndDispatch(Display.java:3673)
	at org.eclipse.jface.window.Window.runEventLoop(Window.java:823)
	at org.eclipse.jface.window.Window.open(Window.java:799)
	at org.jkiss.dbeaver.ui.dialogs.connection.NewConnectionDialog.open(NewConnectionDialog.java:105)
	at org.jkiss.dbeaver.ui.dialogs.connection.NewConnectionDialog.openNewConnectionDialog(NewConnectionDialog.java:140)
	at org.jkiss.dbeaver.ui.dialogs.connection.NewConnectionDialog.openNewConnectionDialog(NewConnectionDialog.java:121)
	at org.jkiss.dbeaver.ui.dialogs.connection.NewConnectionDialog.openNewConnectionDialog(NewConnectionDialog.java:113)
	at org.jkiss.dbeaver.registry.DataSourceDescriptorManager.lambda$0(DataSourceDescriptorManager.java:110)
	at org.eclipse.swt.widgets.RunnableLock.run(RunnableLock.java:40)
	at org.eclipse.swt.widgets.Synchronizer.runAsyncMessages(Synchronizer.java:132)
	at org.eclipse.swt.widgets.Display.runAsyncMessages(Display.java:4058)
	at org.eclipse.swt.widgets.Display.readAndDispatch(Display.java:3676)
	at org.eclipse.jface.operation.ModalContext$ModalContextThread.block(ModalContext.java:168)
	at org.eclipse.jface.operation.ModalContext.run(ModalContext.java:370)
	at org.eclipse.ui.internal.WorkbenchWindow.lambda$7(WorkbenchWindow.java:2335)
	at org.eclipse.swt.custom.BusyIndicator.showWhile(BusyIndicator.java:67)
	at org.eclipse.ui.internal.WorkbenchWindow.run(WorkbenchWindow.java:2332)
	at org.jkiss.dbeaver.runtime.RunnableContextDelegate.run(RunnableContextDelegate.java:39)
	at org.jkiss.dbeaver.ui.UIUtils.runInProgressService(UIUtils.java:1932)
	at org.jkiss.dbeaver.ui.navigator.actions.NavigatorHandlerObjectCreateBase.createDatabaseObject(NavigatorHandlerObjectCreateBase.java:186)
	at org.jkiss.dbeaver.ui.navigator.actions.NavigatorHandlerObjectCreateBase.createNewObject(NavigatorHandlerObjectCreateBase.java:167)
	at org.jkiss.dbeaver.ui.navigator.actions.NavigatorHandlerObjectCreateNew.execute(NavigatorHandlerObjectCreateNew.java:135)
	at org.eclipse.ui.internal.handlers.HandlerProxy.execute(HandlerProxy.java:277)
	at org.eclipse.ui.internal.handlers.E4HandlerProxy.execute(E4HandlerProxy.java:98)
	at java.base/jdk.internal.reflect.NativeMethodAccessorImpl.invoke0(Native Method)
	at java.base/jdk.internal.reflect.NativeMethodAccessorImpl.invoke(Unknown Source)
	at java.base/jdk.internal.reflect.DelegatingMethodAccessorImpl.invoke(Unknown Source)
	at java.base/java.lang.reflect.Method.invoke(Unknown Source)
	at org.eclipse.e4.core.internal.di.MethodRequestor.execute(MethodRequestor.java:58)
	at org.eclipse.e4.core.internal.di.InjectorImpl.invokeUsingClass(InjectorImpl.java:299)
	at org.eclipse.e4.core.internal.di.InjectorImpl.invoke(InjectorImpl.java:233)
	at org.eclipse.e4.core.contexts.ContextInjectionFactory.invoke(ContextInjectionFactory.java:174)
	at org.eclipse.e4.core.commands.internal.HandlerServiceHandler.execute(HandlerServiceHandler.java:165)
	at org.eclipse.core.commands.Command.executeWithChecks(Command.java:488)
	at org.eclipse.core.commands.ParameterizedCommand.executeWithChecks(ParameterizedCommand.java:485)
	at org.eclipse.e4.core.commands.internal.HandlerServiceImpl.executeHandler(HandlerServiceImpl.java:204)
	at org.eclipse.ui.internal.handlers.LegacyHandlerService.executeCommand(LegacyHandlerService.java:385)
	at org.eclipse.ui.menus.CommandContributionItem.handleWidgetSelection(CommandContributionItem.java:801)
	at org.eclipse.ui.menus.CommandContributionItem.lambda$7(CommandContributionItem.java:778)
	at org.eclipse.swt.widgets.EventTable.sendEvent(EventTable.java:91)
	at org.eclipse.swt.widgets.Display.sendEvent(Display.java:4285)
	at org.eclipse.swt.widgets.Widget.sendEvent(Widget.java:1160)
	at org.eclipse.swt.widgets.Display.runDeferredEvents(Display.java:4083)
	at org.eclipse.swt.widgets.Display.readAndDispatch(Display.java:3673)
	at org.eclipse.e4.ui.internal.workbench.swt.PartRenderingEngine$5.run(PartRenderingEngine.java:1151)
	at org.eclipse.core.databinding.observable.Realm.runWithDefault(Realm.java:339)
	at org.eclipse.e4.ui.internal.workbench.swt.PartRenderingEngine.run(PartRenderingEngine.java:1042)
	at org.eclipse.e4.ui.internal.workbench.E4Workbench.createAndRunUI(E4Workbench.java:152)
	at org.eclipse.ui.internal.Workbench.lambda$3(Workbench.java:639)
	at org.eclipse.core.databinding.observable.Realm.runWithDefault(Realm.java:339)
	at org.eclipse.ui.internal.Workbench.createAndRunWorkbench(Workbench.java:546)
	at org.eclipse.ui.PlatformUI.createAndRunWorkbench(PlatformUI.java:173)
	at org.jkiss.dbeaver.ui.app.standalone.DBeaverApplication.start(DBeaverApplication.java:291)
	at org.eclipse.equinox.internal.app.EclipseAppHandle.run(EclipseAppHandle.java:208)
	at org.eclipse.core.runtime.internal.adaptor.EclipseAppLauncher.runApplication(EclipseAppLauncher.java:143)
	at org.eclipse.core.runtime.internal.adaptor.EclipseAppLauncher.start(EclipseAppLauncher.java:109)
	at org.eclipse.core.runtime.adaptor.EclipseStarter.run(EclipseStarter.java:439)
	at org.eclipse.core.runtime.adaptor.EclipseStarter.run(EclipseStarter.java:271)
	at java.base/jdk.internal.reflect.NativeMethodAccessorImpl.invoke0(Native Method)
	at java.base/jdk.internal.reflect.NativeMethodAccessorImpl.invoke(Unknown Source)
	at java.base/jdk.internal.reflect.DelegatingMethodAccessorImpl.invoke(Unknown Source)
	at java.base/java.lang.reflect.Method.invoke(Unknown Source)
	at org.jkiss.dbeaver.launcher.DBeaverLauncher.invokeFramework(DBeaverLauncher.java:648)
	at org.jkiss.dbeaver.launcher.DBeaverLauncher.basicRun(DBeaverLauncher.java:608)
	at org.jkiss.dbeaver.launcher.DBeaverLauncher.run(DBeaverLauncher.java:1459)
2024-09-06 23:15:16.562 - Event loop exception
java.lang.NullPointerException: Cannot invoke "org.jkiss.dbeaver.ui.controls.finder.AdvancedListItem.getData()" because "item" is null
	at org.jkiss.dbeaver.ui.controls.finder.AdvancedList.setSelection(AdvancedList.java:415)
	at org.jkiss.dbeaver.ui.controls.finder.AdvancedList.removeAll(AdvancedList.java:437)
	at org.jkiss.dbeaver.ui.controls.finder.viewer.AdvancedListViewer.internalRefresh(AdvancedListViewer.java:96)
	at org.eclipse.jface.viewers.StructuredViewer.internalRefresh(StructuredViewer.java:1250)
	at org.eclipse.jface.viewers.StructuredViewer.lambda$3(StructuredViewer.java:1486)
	at org.eclipse.jface.viewers.StructuredViewer.preservingSelection(StructuredViewer.java:1392)
	at org.eclipse.jface.viewers.StructuredViewer.preservingSelection(StructuredViewer.java:1353)
	at org.eclipse.jface.viewers.StructuredViewer.refresh(StructuredViewer.java:1486)
	at org.eclipse.jface.viewers.StructuredViewer.refresh(StructuredViewer.java:1447)
	at org.eclipse.jface.viewers.StructuredViewer.setFilters(StructuredViewer.java:1579)
	at org.jkiss.dbeaver.ui.controls.finder.viewer.AdvancedListViewer.setFilters(AdvancedListViewer.java:130)
	at org.jkiss.dbeaver.ui.dialogs.driver.DriverTabbedViewer.lambda$1(DriverTabbedViewer.java:133)
	at org.jkiss.dbeaver.ui.controls.folders.TabbedFolderComposite$FolderPane.onFolderSwitch(TabbedFolderComposite.java:192)
	at org.jkiss.dbeaver.ui.controls.folders.TabbedFolderComposite$FolderPane$2.widgetSelected(TabbedFolderComposite.java:136)
	at org.eclipse.swt.widgets.TypedListener.handleEvent(TypedListener.java:265)
	at org.eclipse.swt.widgets.EventTable.sendEvent(EventTable.java:91)
	at org.eclipse.swt.widgets.Display.sendEvent(Display.java:4285)
	at org.eclipse.swt.widgets.Widget.sendEvent(Widget.java:1160)
	at org.eclipse.swt.widgets.Widget.sendEvent(Widget.java:1184)
	at org.eclipse.swt.widgets.Widget.sendEvent(Widget.java:1169)
	at org.eclipse.swt.widgets.Widget.notifyListeners(Widget.java:841)
	at org.jkiss.dbeaver.ui.controls.folders.TabbedFolderList.select(TabbedFolderList.java:659)
	at org.jkiss.dbeaver.ui.controls.folders.TabbedFolderList.select(TabbedFolderList.java:631)
	at org.jkiss.dbeaver.ui.controls.folders.TabbedFolderList$ListElement$1.mouseUp(TabbedFolderList.java:127)
	at org.eclipse.swt.widgets.TypedListener.handleEvent(TypedListener.java:237)
	at org.eclipse.swt.widgets.EventTable.sendEvent(EventTable.java:91)
	at org.eclipse.swt.widgets.Display.sendEvent(Display.java:4285)
	at org.eclipse.swt.widgets.Widget.sendEvent(Widget.java:1160)
	at org.eclipse.swt.widgets.Display.runDeferredEvents(Display.java:4083)
	at org.eclipse.swt.widgets.Display.readAndDispatch(Display.java:3673)
	at org.eclipse.jface.window.Window.runEventLoop(Window.java:823)
	at org.eclipse.jface.window.Window.open(Window.java:799)
	at org.jkiss.dbeaver.ui.dialogs.connection.NewConnectionDialog.open(NewConnectionDialog.java:105)
	at org.jkiss.dbeaver.ui.dialogs.connection.NewConnectionDialog.openNewConnectionDialog(NewConnectionDialog.java:140)
	at org.jkiss.dbeaver.ui.dialogs.connection.NewConnectionDialog.openNewConnectionDialog(NewConnectionDialog.java:121)
	at org.jkiss.dbeaver.ui.dialogs.connection.NewConnectionDialog.openNewConnectionDialog(NewConnectionDialog.java:113)
	at org.jkiss.dbeaver.registry.DataSourceDescriptorManager.lambda$0(DataSourceDescriptorManager.java:110)
	at org.eclipse.swt.widgets.RunnableLock.run(RunnableLock.java:40)
	at org.eclipse.swt.widgets.Synchronizer.runAsyncMessages(Synchronizer.java:132)
	at org.eclipse.swt.widgets.Display.runAsyncMessages(Display.java:4058)
	at org.eclipse.swt.widgets.Display.readAndDispatch(Display.java:3676)
	at org.eclipse.jface.operation.ModalContext$ModalContextThread.block(ModalContext.java:168)
	at org.eclipse.jface.operation.ModalContext.run(ModalContext.java:370)
	at org.eclipse.ui.internal.WorkbenchWindow.lambda$7(WorkbenchWindow.java:2335)
	at org.eclipse.swt.custom.BusyIndicator.showWhile(BusyIndicator.java:67)
	at org.eclipse.ui.internal.WorkbenchWindow.run(WorkbenchWindow.java:2332)
	at org.jkiss.dbeaver.runtime.RunnableContextDelegate.run(RunnableContextDelegate.java:39)
	at org.jkiss.dbeaver.ui.UIUtils.runInProgressService(UIUtils.java:1932)
	at org.jkiss.dbeaver.ui.navigator.actions.NavigatorHandlerObjectCreateBase.createDatabaseObject(NavigatorHandlerObjectCreateBase.java:186)
	at org.jkiss.dbeaver.ui.navigator.actions.NavigatorHandlerObjectCreateBase.createNewObject(NavigatorHandlerObjectCreateBase.java:167)
	at org.jkiss.dbeaver.ui.navigator.actions.NavigatorHandlerObjectCreateNew.execute(NavigatorHandlerObjectCreateNew.java:135)
	at org.eclipse.ui.internal.handlers.HandlerProxy.execute(HandlerProxy.java:277)
	at org.eclipse.ui.internal.handlers.E4HandlerProxy.execute(E4HandlerProxy.java:98)
	at java.base/jdk.internal.reflect.NativeMethodAccessorImpl.invoke0(Native Method)
	at java.base/jdk.internal.reflect.NativeMethodAccessorImpl.invoke(Unknown Source)
	at java.base/jdk.internal.reflect.DelegatingMethodAccessorImpl.invoke(Unknown Source)
	at java.base/java.lang.reflect.Method.invoke(Unknown Source)
	at org.eclipse.e4.core.internal.di.MethodRequestor.execute(MethodRequestor.java:58)
	at org.eclipse.e4.core.internal.di.InjectorImpl.invokeUsingClass(InjectorImpl.java:299)
	at org.eclipse.e4.core.internal.di.InjectorImpl.invoke(InjectorImpl.java:233)
	at org.eclipse.e4.core.contexts.ContextInjectionFactory.invoke(ContextInjectionFactory.java:174)
	at org.eclipse.e4.core.commands.internal.HandlerServiceHandler.execute(HandlerServiceHandler.java:165)
	at org.eclipse.core.commands.Command.executeWithChecks(Command.java:488)
	at org.eclipse.core.commands.ParameterizedCommand.executeWithChecks(ParameterizedCommand.java:485)
	at org.eclipse.e4.core.commands.internal.HandlerServiceImpl.executeHandler(HandlerServiceImpl.java:204)
	at org.eclipse.ui.internal.handlers.LegacyHandlerService.executeCommand(LegacyHandlerService.java:385)
	at org.eclipse.ui.menus.CommandContributionItem.handleWidgetSelection(CommandContributionItem.java:801)
	at org.eclipse.ui.menus.CommandContributionItem.lambda$7(CommandContributionItem.java:778)
	at org.eclipse.swt.widgets.EventTable.sendEvent(EventTable.java:91)
	at org.eclipse.swt.widgets.Display.sendEvent(Display.java:4285)
	at org.eclipse.swt.widgets.Widget.sendEvent(Widget.java:1160)
	at org.eclipse.swt.widgets.Display.runDeferredEvents(Display.java:4083)
	at org.eclipse.swt.widgets.Display.readAndDispatch(Display.java:3673)
	at org.eclipse.e4.ui.internal.workbench.swt.PartRenderingEngine$5.run(PartRenderingEngine.java:1151)
	at org.eclipse.core.databinding.observable.Realm.runWithDefault(Realm.java:339)
	at org.eclipse.e4.ui.internal.workbench.swt.PartRenderingEngine.run(PartRenderingEngine.java:1042)
	at org.eclipse.e4.ui.internal.workbench.E4Workbench.createAndRunUI(E4Workbench.java:152)
	at org.eclipse.ui.internal.Workbench.lambda$3(Workbench.java:639)
	at org.eclipse.core.databinding.observable.Realm.runWithDefault(Realm.java:339)
	at org.eclipse.ui.internal.Workbench.createAndRunWorkbench(Workbench.java:546)
	at org.eclipse.ui.PlatformUI.createAndRunWorkbench(PlatformUI.java:173)
	at org.jkiss.dbeaver.ui.app.standalone.DBeaverApplication.start(DBeaverApplication.java:291)
	at org.eclipse.equinox.internal.app.EclipseAppHandle.run(EclipseAppHandle.java:208)
	at org.eclipse.core.runtime.internal.adaptor.EclipseAppLauncher.runApplication(EclipseAppLauncher.java:143)
	at org.eclipse.core.runtime.internal.adaptor.EclipseAppLauncher.start(EclipseAppLauncher.java:109)
	at org.eclipse.core.runtime.adaptor.EclipseStarter.run(EclipseStarter.java:439)
	at org.eclipse.core.runtime.adaptor.EclipseStarter.run(EclipseStarter.java:271)
	at java.base/jdk.internal.reflect.NativeMethodAccessorImpl.invoke0(Native Method)
	at java.base/jdk.internal.reflect.NativeMethodAccessorImpl.invoke(Unknown Source)
	at java.base/jdk.internal.reflect.DelegatingMethodAccessorImpl.invoke(Unknown Source)
	at java.base/java.lang.reflect.Method.invoke(Unknown Source)
	at org.jkiss.dbeaver.launcher.DBeaverLauncher.invokeFramework(DBeaverLauncher.java:648)
	at org.jkiss.dbeaver.launcher.DBeaverLauncher.basicRun(DBeaverLauncher.java:608)
	at org.jkiss.dbeaver.launcher.DBeaverLauncher.run(DBeaverLauncher.java:1459)
2024-09-06 23:15:32.259 - DBeaver is stopping
2024-09-06 23:15:32.260 - Stop instance server
2024-09-06 23:15:33.263 - Instance server has been stopped
2024-09-06 23:15:33.264 - DBeaver shutdown completed
